[19:01:47.548] Global cache location '/Users/gregoirethiebault/Library/Caches/typescript/4.5', safe file path '/users/gregoirethiebault/.emacs.d/.cache/lsp/npm/typescript/lib/node_modules/typescript/lib/typingsafelist.json', types map path /users/gregoirethiebault/.emacs.d/.cache/lsp/npm/typescript/lib/node_modules/typescript/lib/typesmap.json
[19:01:47.550] Processing cache location '/Users/gregoirethiebault/Library/Caches/typescript/4.5'
[19:01:47.550] Trying to find '/Users/gregoirethiebault/Library/Caches/typescript/4.5/package.json'...
[19:01:47.551] Loaded content of '/Users/gregoirethiebault/Library/Caches/typescript/4.5/package.json': {"private":true,"dependencies":{"types-registry":"^0.1.572"}}
[19:01:47.551] Loaded content of '/Users/gregoirethiebault/Library/Caches/typescript/4.5/package-lock.json'
[19:01:47.551] Finished processing cache location '/Users/gregoirethiebault/Library/Caches/typescript/4.5'
[19:01:47.551] Process id: 86491
[19:01:47.551] NPM location: /opt/homebrew/Cellar/node/17.3.0/bin/npm (explicit '--npmLocation' not  provided)
[19:01:47.551] validateDefaultNpmLocation: false
[19:01:47.551] Npm config file: /Users/gregoirethiebault/Library/Caches/typescript/4.5/package.json
[19:01:47.551] Updating types-registry npm package...
[19:01:47.551] Exec: /opt/homebrew/Cellar/node/17.3.0/bin/npm install --ignore-scripts types-registry@latest
[19:01:47.566]     Failed. stdout:
    stderr:
    /bin/sh: /opt/homebrew/Cellar/node/17.3.0/bin/npm: No such file or directory
    
[19:01:47.566] Updated types-registry npm package
[11:07:59.354] Got install request {"projectName":"/dev/null/inferredProject2*","fileNames":[],"compilerOptions":{"module":1,"target":3,"jsx":1,"allowJs":true,"allowSyntheticDefaultImports":true,"allowNonTsExtensions":true,"noEmitForJsFiles":true},"typeAcquisition":{"enable":true,"include":[],"exclude":[]},"unresolvedImports":[],"projectRootPath":"/Users/gregoirethiebault/Desktop/_dev/github-tiro/client/src/managers","kind":"discover"}
[11:07:59.383] Loaded safelist from types map file '/users/gregoirethiebault/.emacs.d/.cache/lsp/npm/typescript/lib/node_modules/typescript/lib/typesmap.json'
[11:07:59.383] Explicitly included types: []
[11:07:59.384] Inferred typings from unresolved imports: []
[11:07:59.384] Result: {"cachedTypingPaths":[],"newTypingNames":[],"filesToWatch":["/Users/gregoirethiebault/Desktop/_dev/github-tiro/client/src/managers/bower_components","/Users/gregoirethiebault/Desktop/_dev/github-tiro/client/src/managers/node_modules"]}
[11:07:59.384] Finished typings discovery: {"cachedTypingPaths":[],"newTypingNames":[],"filesToWatch":["/Users/gregoirethiebault/Desktop/_dev/github-tiro/client/src/managers/bower_components","/Users/gregoirethiebault/Desktop/_dev/github-tiro/client/src/managers/node_modules"]}
[11:07:59.385] DirectoryWatcher:: Added:: WatchInfo: /Users/gregoirethiebault/Desktop/_dev/github-tiro/client/src/managers/bower_components
[11:07:59.385] DirectoryWatcher:: Added:: WatchInfo: /Users/gregoirethiebault/Desktop/_dev/github-tiro/client/src/managers/bower_components 1 undefined Project: /dev/null/inferredProject2* watcher already invoked: false
[11:07:59.386] Elapsed:: 0.9545841217041016ms DirectoryWatcher:: Added:: WatchInfo: /Users/gregoirethiebault/Desktop/_dev/github-tiro/client/src/managers/bower_components 1 undefined Project: /dev/null/inferredProject2* watcher already invoked: false
[11:07:59.386] DirectoryWatcher:: Added:: WatchInfo: /Users/gregoirethiebault/Desktop/_dev/github-tiro/client/src/managers/node_modules
[11:07:59.387] DirectoryWatcher:: Added:: WatchInfo: /Users/gregoirethiebault/Desktop/_dev/github-tiro/client/src/managers/node_modules 1 undefined Project: /dev/null/inferredProject2* watcher already invoked: false
[11:07:59.387] Elapsed:: 0.08858394622802734ms DirectoryWatcher:: Added:: WatchInfo: /Users/gregoirethiebault/Desktop/_dev/github-tiro/client/src/managers/node_modules 1 undefined Project: /dev/null/inferredProject2* watcher already invoked: false
[11:07:59.387] Sending response:
    {"projectName":"/dev/null/inferredProject2*","typeAcquisition":{"enable":true,"include":[],"exclude":[]},"compilerOptions":{"module":1,"target":3,"jsx":1,"allowJs":true,"allowSyntheticDefaultImports":true,"allowNonTsExtensions":true,"noEmitForJsFiles":true},"typings":[],"unresolvedImports":[],"kind":"action::set"}
[11:07:59.387] Response has been sent.
[11:07:59.387] No new typings were requested as a result of typings discovery
[16:05:11.804] Got install request {"projectName":"/dev/null/inferredProject3*","fileNames":[],"compilerOptions":{"module":1,"target":3,"jsx":1,"allowJs":true,"allowSyntheticDefaultImports":true,"allowNonTsExtensions":true,"noEmitForJsFiles":true},"typeAcquisition":{"enable":true,"include":[],"exclude":[]},"unresolvedImports":[],"projectRootPath":"/Users/gregoirethiebault/Desktop/_dev/github-tiro/client/src/managers","kind":"discover"}
[16:05:11.805] Explicitly included types: []
[16:05:11.805] Inferred typings from unresolved imports: []
[16:05:11.805] Result: {"cachedTypingPaths":[],"newTypingNames":[],"filesToWatch":["/Users/gregoirethiebault/Desktop/_dev/github-tiro/client/src/managers/bower_components","/Users/gregoirethiebault/Desktop/_dev/github-tiro/client/src/managers/node_modules"]}
[16:05:11.805] Finished typings discovery: {"cachedTypingPaths":[],"newTypingNames":[],"filesToWatch":["/Users/gregoirethiebault/Desktop/_dev/github-tiro/client/src/managers/bower_components","/Users/gregoirethiebault/Desktop/_dev/github-tiro/client/src/managers/node_modules"]}
[16:05:11.806] DirectoryWatcher:: Added:: WatchInfo: /Users/gregoirethiebault/Desktop/_dev/github-tiro/client/src/managers/bower_components
[16:05:11.806] DirectoryWatcher:: Added:: WatchInfo: /Users/gregoirethiebault/Desktop/_dev/github-tiro/client/src/managers/bower_components 1 undefined Project: /dev/null/inferredProject3* watcher already invoked: false
[16:05:11.806] Elapsed:: 0.06908416748046875ms DirectoryWatcher:: Added:: WatchInfo: /Users/gregoirethiebault/Desktop/_dev/github-tiro/client/src/managers/bower_components 1 undefined Project: /dev/null/inferredProject3* watcher already invoked: false
[16:05:11.806] DirectoryWatcher:: Added:: WatchInfo: /Users/gregoirethiebault/Desktop/_dev/github-tiro/client/src/managers/node_modules
[16:05:11.806] DirectoryWatcher:: Added:: WatchInfo: /Users/gregoirethiebault/Desktop/_dev/github-tiro/client/src/managers/node_modules 1 undefined Project: /dev/null/inferredProject3* watcher already invoked: false
[16:05:11.806] Elapsed:: 0.03104114532470703ms DirectoryWatcher:: Added:: WatchInfo: /Users/gregoirethiebault/Desktop/_dev/github-tiro/client/src/managers/node_modules 1 undefined Project: /dev/null/inferredProject3* watcher already invoked: false
[16:05:11.806] Sending response:
    {"projectName":"/dev/null/inferredProject3*","typeAcquisition":{"enable":true,"include":[],"exclude":[]},"compilerOptions":{"module":1,"target":3,"jsx":1,"allowJs":true,"allowSyntheticDefaultImports":true,"allowNonTsExtensions":true,"noEmitForJsFiles":true},"typings":[],"unresolvedImports":[],"kind":"action::set"}
[16:05:11.806] Response has been sent.
[16:05:11.806] No new typings were requested as a result of typings discovery
